  PCD2ASC.cpp
c:\program files (x86)\microsoft visual studio 14.0\vc\include\xmemory(102): warning C4996: 'std::uninitialized_copy::_Unchecked_iterators::_Deprecate': Call to 'std::uninitialized_copy' with parameters that may be unsafe - this call relies on the caller to check that the passed values are correct. To disable this warning, use -D_SCL_SECURE_NO_WARNINGS. See documentation on how to use Visual C++ 'Checked Iterators'
  c:\program files (x86)\microsoft visual studio 14.0\vc\include\xmemory(102): note: see declaration of 'std::uninitialized_copy::_Unchecked_iterators::_Deprecate'
  c:\users\minh\desktop\pcl\pcl 1.8.1\3rdparty\boost\include\boost-1_64\boost\signals2\detail\auto_buffer.hpp(191): note: see reference to function template instantiation '_FwdIt *std::uninitialized_copy<I,boost::shared_ptr<void>*>(_InIt,_InIt,_FwdIt)' being compiled
          with
          [
              _FwdIt=boost::shared_ptr<void> *,
              I=boost::shared_ptr<void> *,
              _InIt=boost::shared_ptr<void> *
          ]
  c:\users\minh\desktop\pcl\pcl 1.8.1\3rdparty\boost\include\boost-1_64\boost\signals2\detail\auto_buffer.hpp(178): note: see reference to function template instantiation 'void boost::signals2::detail::auto_buffer<boost::shared_ptr<void>,boost::signals2::detail::store_n_objects<10>,boost::signals2::detail::default_grow_policy,std::allocator<T>>::copy_rai<I,false>(I,I,boost::shared_ptr<void> *,const boost::integral_constant<bool,false> &)' being compiled
          with
          [
              T=boost::shared_ptr<void>,
              I=boost::shared_ptr<void> *
          ]
  c:\users\minh\desktop\pcl\pcl 1.8.1\3rdparty\boost\include\boost-1_64\boost\signals2\detail\auto_buffer.hpp(178): note: see reference to function template instantiation 'void boost::signals2::detail::auto_buffer<boost::shared_ptr<void>,boost::signals2::detail::store_n_objects<10>,boost::signals2::detail::default_grow_policy,std::allocator<T>>::copy_rai<I,false>(I,I,boost::shared_ptr<void> *,const boost::integral_constant<bool,false> &)' being compiled
          with
          [
              T=boost::shared_ptr<void>,
              I=boost::shared_ptr<void> *
          ]
  c:\users\minh\desktop\pcl\pcl 1.8.1\3rdparty\boost\include\boost-1_64\boost\signals2\detail\auto_buffer.hpp(204): note: see reference to function template instantiation 'void boost::signals2::detail::auto_buffer<boost::shared_ptr<void>,boost::signals2::detail::store_n_objects<10>,boost::signals2::detail::default_grow_policy,std::allocator<T>>::copy_impl<I>(I,I,boost::shared_ptr<void> *,std::random_access_iterator_tag)' being compiled
          with
          [
              T=boost::shared_ptr<void>,
              I=boost::shared_ptr<void> *
          ]
  c:\users\minh\desktop\pcl\pcl 1.8.1\3rdparty\boost\include\boost-1_64\boost\signals2\detail\auto_buffer.hpp(203): note: see reference to function template instantiation 'void boost::signals2::detail::auto_buffer<boost::shared_ptr<void>,boost::signals2::detail::store_n_objects<10>,boost::signals2::detail::default_grow_policy,std::allocator<T>>::copy_impl<I>(I,I,boost::shared_ptr<void> *,std::random_access_iterator_tag)' being compiled
          with
          [
              T=boost::shared_ptr<void>,
              I=boost::shared_ptr<void> *
          ]
  c:\users\minh\desktop\pcl\pcl 1.8.1\3rdparty\boost\include\boost-1_64\boost\signals2\detail\auto_buffer.hpp(296): note: see reference to function template instantiation 'void boost::signals2::detail::auto_buffer<boost::shared_ptr<void>,boost::signals2::detail::store_n_objects<10>,boost::signals2::detail::default_grow_policy,std::allocator<T>>::copy_impl<boost::shared_ptr<void>*>(I,I,boost::shared_ptr<void> *)' being compiled
          with
          [
              T=boost::shared_ptr<void>,
              I=boost::shared_ptr<void> *
          ]
  c:\users\minh\desktop\pcl\pcl 1.8.1\3rdparty\boost\include\boost-1_64\boost\signals2\detail\auto_buffer.hpp(296): note: see reference to function template instantiation 'void boost::signals2::detail::auto_buffer<boost::shared_ptr<void>,boost::signals2::detail::store_n_objects<10>,boost::signals2::detail::default_grow_policy,std::allocator<T>>::copy_impl<boost::shared_ptr<void>*>(I,I,boost::shared_ptr<void> *)' being compiled
          with
          [
              T=boost::shared_ptr<void>,
              I=boost::shared_ptr<void> *
          ]
  c:\users\minh\desktop\pcl\pcl 1.8.1\3rdparty\boost\include\boost-1_64\boost\signals2\detail\auto_buffer.hpp(294): note: while compiling class template member function 'boost::shared_ptr<void> *boost::signals2::detail::auto_buffer<boost::shared_ptr<void>,boost::signals2::detail::store_n_objects<10>,boost::signals2::detail::default_grow_policy,std::allocator<T>>::move_to_new_buffer(unsigned __int64,const boost::true_type &)'
          with
          [
              T=boost::shared_ptr<void>
          ]
  c:\users\minh\desktop\pcl\pcl 1.8.1\3rdparty\boost\include\boost-1_64\boost\signals2\detail\auto_buffer.hpp(302): note: see reference to function template instantiation 'boost::shared_ptr<void> *boost::signals2::detail::auto_buffer<boost::shared_ptr<void>,boost::signals2::detail::store_n_objects<10>,boost::signals2::detail::default_grow_policy,std::allocator<T>>::move_to_new_buffer(unsigned __int64,const boost::true_type &)' being compiled
          with
          [
              T=boost::shared_ptr<void>
          ]
  c:\users\minh\desktop\pcl\pcl 1.8.1\3rdparty\boost\include\boost-1_64\boost\signals2\connection.hpp(53): note: see reference to class template instantiation 'boost::signals2::detail::auto_buffer<boost::shared_ptr<void>,boost::signals2::detail::store_n_objects<10>,boost::signals2::detail::default_grow_policy,std::allocator<T>>' being compiled
          with
          [
              T=boost::shared_ptr<void>
          ]
  c:\users\minh\desktop\pcl\pcl 1.8.1\3rdparty\boost\include\boost-1_64\boost\signals2\connection.hpp(55): note: see reference to class template instantiation 'boost::signals2::detail::garbage_collecting_lock<Mutex>' being compiled
  c:\users\minh\desktop\pcl\pcl 1.8.1\3rdparty\boost\include\boost-1_64\boost\bind\placeholders.hpp(54): note: see reference to class template instantiation 'boost::arg<9>' being compiled
  c:\users\minh\desktop\pcl\pcl 1.8.1\3rdparty\boost\include\boost-1_64\boost\bind\placeholders.hpp(53): note: see reference to class template instantiation 'boost::arg<8>' being compiled
  c:\users\minh\desktop\pcl\pcl 1.8.1\3rdparty\boost\include\boost-1_64\boost\bind\placeholders.hpp(52): note: see reference to class template instantiation 'boost::arg<7>' being compiled
  c:\users\minh\desktop\pcl\pcl 1.8.1\3rdparty\boost\include\boost-1_64\boost\bind\placeholders.hpp(51): note: see reference to class template instantiation 'boost::arg<6>' being compiled
  c:\users\minh\desktop\pcl\pcl 1.8.1\3rdparty\boost\include\boost-1_64\boost\bind\placeholders.hpp(50): note: see reference to class template instantiation 'boost::arg<5>' being compiled
  c:\users\minh\desktop\pcl\pcl 1.8.1\3rdparty\boost\include\boost-1_64\boost\bind\placeholders.hpp(49): note: see reference to class template instantiation 'boost::arg<4>' being compiled
  c:\users\minh\desktop\pcl\pcl 1.8.1\3rdparty\boost\include\boost-1_64\boost\bind\placeholders.hpp(48): note: see reference to class template instantiation 'boost::arg<3>' being compiled
  c:\users\minh\desktop\pcl\pcl 1.8.1\3rdparty\boost\include\boost-1_64\boost\bind\placeholders.hpp(47): note: see reference to class template instantiation 'boost::arg<2>' being compiled
  c:\users\minh\desktop\pcl\pcl 1.8.1\3rdparty\boost\include\boost-1_64\boost\bind\placeholders.hpp(46): note: see reference to class template instantiation 'boost::arg<1>' being compiled
  PCD2ASC.vcxproj -> C:\Users\Minh\Desktop\PCL_BRODKORB\PCD2ASC\x64\Debug\PCD2ASC.exe
  PCD2ASC.vcxproj -> C:\Users\Minh\Desktop\PCL_BRODKORB\PCD2ASC\x64\Debug\PCD2ASC.pdb (Full PDB)
  Das System kann den angegebenen Pfad nicht finden.
  Das System kann den angegebenen Pfad nicht finden.
  Das System kann den angegebenen Pfad nicht finden.
  Das System kann den angegebenen Pfad nicht finden.
  Das System kann den angegebenen Pfad nicht finden.
  Das System kann den angegebenen Pfad nicht finden.
  Das System kann den angegebenen Pfad nicht finden.
  Das System kann den angegebenen Pfad nicht finden.
  Das System kann den angegebenen Pfad nicht finden.
  Das System kann den angegebenen Pfad nicht finden.
  Das System kann den angegebenen Pfad nicht finden.
  Das System kann den angegebenen Pfad nicht finden.
  Das System kann den angegebenen Pfad nicht finden.
  Das System kann den angegebenen Pfad nicht finden.
          1 Datei(en) kopiert.
